<?xml version="1.0" encoding="UTF-8"?>
<testsuites name="jest tests" tests="2" failures="2" errors="0" time="0.857">
  <testsuite name="Upload File" errors="0" failures="2" skipped="0" timestamp="2025-04-30T16:30:51" time="0.796" tests="2">
    <testcase classname="Upload File POST /upload/single" name="Upload File POST /upload/single" time="0.031">
      <failure>Error: ENOENT: no such file or directory, open &apos;..data/wallpaperflare.jpg&apos;</failure>
    </testcase>
    <testcase classname="Upload File POST /upload/multiple" name="Upload File POST /upload/multiple" time="0.004">
      <failure>Error: ENOENT: no such file or directory, open &apos;..data/wallpaper.jpg&apos;</failure>
    </testcase>
  </testsuite>
</testsuites>