<?xml version="1.0" encoding="UTF-8"?>
<testsuites name="jest tests" tests="4" failures="0" errors="0" time="7.131">
  <testsuite name="Categories" errors="0" failures="0" skipped="0" timestamp="2025-04-28T08:38:53" time="7.089" tests="4">
    <testcase classname="Categories GET /categories" name="Categories GET /categories" time="1.771">
    </testcase>
    <testcase classname="Categories Create Categories POST /categories" name="Categories Create Categories POST /categories" time="0.559">
    </testcase>
    <testcase classname="Categories Update Categories PUT /categories/id" name="Categories Update Categories PUT /categories/id" time="0.563">
    </testcase>
    <testcase classname="Categories Delete Categories DELETE /categories" name="Categories Delete Categories DELETE /categories" time="0.559">
    </testcase>
  </testsuite>
</testsuites>